app/build/intermediates/manifest_merge_blame_file/fullDebug/processFullDebugMainManifest/manifest-merger-blame-full-debug-report.txt
1<?xml version="1.0" encoding="utf-8"?>
2<manifest xmlns:android="http://schemas.android.com/apk/res/android"
3    package="com.invictus.xmd"
4    android:versionCode="8"
5    android:versionName="1.0.0-beta.5-full" >
6
7    <uses-sdk
8        android:minSdkVersion="26"
9        android:targetSdkVersion="34" />
10
11    <uses-permission android:name="android.permission.INTERNET" />
11-->src/main/AndroidManifest.xml:4:5-67
11-->src/main/AndroidManifest.xml:4:22-64
12    <uses-permission android:name="android.permission.ACCESS_NETWORK_STATE" />
12-->src/main/AndroidManifest.xml:5:5-79
12-->src/main/AndroidManifest.xml:5:22-76
13    <!--
14         libtorrent4j (magnet/torrent downloads) reads the Wi-Fi state to pick
15         a network interface for its peer/DHT sockets.
16    -->
17    <uses-permission android:name="android.permission.ACCESS_WIFI_STATE" />
17-->src/main/AndroidManifest.xml:8:5-76
17-->src/main/AndroidManifest.xml:8:22-73
18    <uses-permission android:name="android.permission.FOREGROUND_SERVICE" />
18-->src/main/AndroidManifest.xml:9:5-77
18-->src/main/AndroidManifest.xml:9:22-74
19    <uses-permission android:name="android.permission.FOREGROUND_SERVICE_DATA_SYNC" />
19-->src/main/AndroidManifest.xml:10:5-87
19-->src/main/AndroidManifest.xml:10:22-84
20    <uses-permission android:name="android.permission.POST_NOTIFICATIONS" />
20-->src/main/AndroidManifest.xml:11:5-77
20-->src/main/AndroidManifest.xml:11:22-74
21    <!-- Storage: legacy for Android 8-9, MANAGE_EXTERNAL_STORAGE for Android 10+ -->
22    <uses-permission
22-->src/main/AndroidManifest.xml:13:5-15:38
23        android:name="android.permission.WRITE_EXTERNAL_STORAGE"
23-->src/main/AndroidManifest.xml:14:9-65
24        android:maxSdkVersion="28" />
24-->src/main/AndroidManifest.xml:15:9-35
25    <uses-permission
25-->src/main/AndroidManifest.xml:16:5-18:38
26        android:name="android.permission.READ_EXTERNAL_STORAGE"
26-->src/main/AndroidManifest.xml:17:9-64
27        android:maxSdkVersion="28" />
27-->src/main/AndroidManifest.xml:18:9-35
28    <uses-permission android:name="android.permission.MANAGE_EXTERNAL_STORAGE" />
28-->src/main/AndroidManifest.xml:19:5-82
28-->src/main/AndroidManifest.xml:19:22-79
29
30    <permission
30-->[androidx.core:core:1.13.1] AndroidManifest.xml:22:5-24:47
31        android:name="com.invictus.xmd.DYNAMIC_RECEIVER_NOT_EXPORTED_PERMISSION"
31-->[androidx.core:core:1.13.1] AndroidManifest.xml:23:9-81
32        android:protectionLevel="signature" />
32-->[androidx.core:core:1.13.1] AndroidManifest.xml:24:9-44
33
34    <uses-permission android:name="com.invictus.xmd.DYNAMIC_RECEIVER_NOT_EXPORTED_PERMISSION" />
34-->[androidx.core:core:1.13.1] AndroidManifest.xml:26:5-97
34-->[androidx.core:core:1.13.1] AndroidManifest.xml:26:22-94
35
36    <application
36-->src/main/AndroidManifest.xml:21:5-131:19
37        android:name="com.invictus.xmd.FfApp"
37-->src/main/AndroidManifest.xml:22:9-30
38        android:allowBackup="true"
38-->src/main/AndroidManifest.xml:23:9-35
39        android:appComponentFactory="androidx.core.app.CoreComponentFactory"
39-->[androidx.core:core:1.13.1] AndroidManifest.xml:28:18-86
40        android:debuggable="true"
41        android:extractNativeLibs="true"
41-->src/main/AndroidManifest.xml:29:9-41
42        android:icon="@mipmap/xmd"
42-->src/main/AndroidManifest.xml:24:9-35
43        android:label="@string/app_name"
43-->src/main/AndroidManifest.xml:26:9-41
44        android:requestLegacyExternalStorage="true"
44-->src/main/AndroidManifest.xml:30:9-52
45        android:roundIcon="@mipmap/xmd"
45-->src/main/AndroidManifest.xml:25:9-40
46        android:theme="@style/Theme.Xmd"
46-->src/main/AndroidManifest.xml:27:9-41
47        android:usesCleartextTraffic="true" >
47-->src/main/AndroidManifest.xml:28:9-44
48        <activity
48-->src/main/AndroidManifest.xml:32:9-77:20
49            android:name="com.invictus.xmd.ui.MainActivity"
49-->src/main/AndroidManifest.xml:33:13-44
50            android:exported="true"
50-->src/main/AndroidManifest.xml:34:13-36
51            android:launchMode="singleTop"
51-->src/main/AndroidManifest.xml:35:13-43
52            android:windowSoftInputMode="adjustResize" >
52-->src/main/AndroidManifest.xml:36:13-55
53            <intent-filter>
53-->src/main/AndroidManifest.xml:37:13-40:29
54                <action android:name="android.intent.action.MAIN" />
54-->src/main/AndroidManifest.xml:38:17-69
54-->src/main/AndroidManifest.xml:38:25-66
55
56                <category android:name="android.intent.category.LAUNCHER" />
56-->src/main/AndroidManifest.xml:39:17-77
56-->src/main/AndroidManifest.xml:39:27-74
57            </intent-filter>
58
59            <!--
60                 Lets browsers (Firefox, Vivaldi, etc.) offer xmd as an
61                 "external download manager" / open-with target when a
62                 download link is tapped. Firefox builds its download-manager
63                 chooser by resolving which installed apps answer VIEW for the
64                 link's scheme+mimeType, so both are needed: the scheme match
65                 for the http(s) URL itself, and the wildcard mimeType so it
66                 matches regardless of the file type being downloaded.
67            -->
68            <intent-filter android:label="@string/app_name" >
68-->src/main/AndroidManifest.xml:49:13-56:29
68-->src/main/AndroidManifest.xml:49:28-60
69                <action android:name="android.intent.action.VIEW" />
69-->src/main/AndroidManifest.xml:50:17-69
69-->src/main/AndroidManifest.xml:50:25-66
70
71                <category android:name="android.intent.category.DEFAULT" />
71-->src/main/AndroidManifest.xml:51:17-76
71-->src/main/AndroidManifest.xml:51:27-73
72                <category android:name="android.intent.category.BROWSABLE" />
72-->src/main/AndroidManifest.xml:52:17-78
72-->src/main/AndroidManifest.xml:52:27-75
73
74                <data android:scheme="http" />
74-->src/main/AndroidManifest.xml:53:17-47
74-->src/main/AndroidManifest.xml:53:23-44
75                <data android:scheme="https" />
75-->src/main/AndroidManifest.xml:53:17-47
75-->src/main/AndroidManifest.xml:53:23-44
76                <data android:mimeType="*/*" />
76-->src/main/AndroidManifest.xml:53:17-47
76-->src/main/AndroidManifest.xml:55:23-45
77            </intent-filter>
78
79            <!--
80                 magnet: links have no host/mimeType to match on, just the
81                 scheme. This is what lets xmd show up when a magnet link is
82                 tapped anywhere (a browser, a torrent-search app, another
83                 file manager, etc).
84            -->
85            <intent-filter android:label="@string/app_name" >
85-->src/main/AndroidManifest.xml:62:13-67:29
85-->src/main/AndroidManifest.xml:62:28-60
86                <action android:name="android.intent.action.VIEW" />
86-->src/main/AndroidManifest.xml:50:17-69
86-->src/main/AndroidManifest.xml:50:25-66
87
88                <category android:name="android.intent.category.DEFAULT" />
88-->src/main/AndroidManifest.xml:51:17-76
88-->src/main/AndroidManifest.xml:51:27-73
89                <category android:name="android.intent.category.BROWSABLE" />
89-->src/main/AndroidManifest.xml:52:17-78
89-->src/main/AndroidManifest.xml:52:27-75
90
91                <data android:scheme="magnet" />
91-->src/main/AndroidManifest.xml:53:17-47
91-->src/main/AndroidManifest.xml:53:23-44
92            </intent-filter>
93
94            <!--
95                 Direct .torrent file links/downloads (VIEW on the file's
96                 content:// or the http(s) link itself, keyed off mimeType).
97            -->
98            <intent-filter android:label="@string/app_name" >
98-->src/main/AndroidManifest.xml:71:13-76:29
98-->src/main/AndroidManifest.xml:71:28-60
99                <action android:name="android.intent.action.VIEW" />
99-->src/main/AndroidManifest.xml:50:17-69
99-->src/main/AndroidManifest.xml:50:25-66
100
101                <category android:name="android.intent.category.DEFAULT" />
101-->src/main/AndroidManifest.xml:51:17-76
101-->src/main/AndroidManifest.xml:51:27-73
102                <category android:name="android.intent.category.BROWSABLE" />
102-->src/main/AndroidManifest.xml:52:17-78
102-->src/main/AndroidManifest.xml:52:27-75
103
104                <data android:mimeType="application/x-bittorrent" />
104-->src/main/AndroidManifest.xml:53:17-47
104-->src/main/AndroidManifest.xml:55:23-45
105            </intent-filter>
106        </activity>
107
108        <!--
109             Handles "Share" -> xmd for a copied/shared link (how Chrome,
110             Samsung Internet, Edge, etc. hand a URL to another app since
111             they don't expose a download-manager chooser) and Morphe's
112             Player > External downloads hook, without bringing MainActivity
113             to the foreground. See ShareReceiverActivity's kdoc.
114             taskAffinity="" + excludeFromRecents keeps it out of the
115             caller's own back stack/task entirely — it opens its own
116             throwaway task, shows a sheet, and finishes.
117        -->
118        <activity
118-->src/main/AndroidManifest.xml:87:9-99:20
119            android:name="com.invictus.xmd.ui.ShareReceiverActivity"
119-->src/main/AndroidManifest.xml:88:13-53
120            android:excludeFromRecents="true"
120-->src/main/AndroidManifest.xml:91:13-46
121            android:exported="true"
121-->src/main/AndroidManifest.xml:90:13-36
122            android:launchMode="singleInstance"
122-->src/main/AndroidManifest.xml:93:13-48
123            android:taskAffinity=""
123-->src/main/AndroidManifest.xml:92:13-36
124            android:theme="@style/Theme.Xmd.Transparent" >
124-->src/main/AndroidManifest.xml:89:13-57
125            <intent-filter android:label="@string/app_name" >
125-->src/main/AndroidManifest.xml:94:13-98:29
125-->src/main/AndroidManifest.xml:94:28-60
126                <action android:name="android.intent.action.SEND" />
126-->src/main/AndroidManifest.xml:95:17-69
126-->src/main/AndroidManifest.xml:95:25-66
127
128                <category android:name="android.intent.category.DEFAULT" />
128-->src/main/AndroidManifest.xml:51:17-76
128-->src/main/AndroidManifest.xml:51:27-73
129
130                <data android:mimeType="text/plain" />
130-->src/main/AndroidManifest.xml:53:17-47
130-->src/main/AndroidManifest.xml:55:23-45
131            </intent-filter>
132        </activity>
133        <activity
133-->src/main/AndroidManifest.xml:101:9-104:55
134            android:name="com.invictus.xmd.ui.ChallengeActivity"
134-->src/main/AndroidManifest.xml:102:13-49
135            android:exported="false"
135-->src/main/AndroidManifest.xml:103:13-37
136            android:label="@string/challenge_title" />
136-->src/main/AndroidManifest.xml:104:13-52
137        <activity
137-->src/main/AndroidManifest.xml:106:9-109:54
138            android:name="com.invictus.xmd.ui.SettingsActivity"
138-->src/main/AndroidManifest.xml:107:13-48
139            android:exported="false"
139-->src/main/AndroidManifest.xml:108:13-37
140            android:label="@string/settings_title" />
140-->src/main/AndroidManifest.xml:109:13-51
141
142        <service
142-->src/main/AndroidManifest.xml:111:9-114:56
143            android:name="com.invictus.xmd.service.DownloadService"
143-->src/main/AndroidManifest.xml:112:13-52
144            android:exported="false"
144-->src/main/AndroidManifest.xml:113:13-37
145            android:foregroundServiceType="dataSync" />
145-->src/main/AndroidManifest.xml:114:13-53
146
147        <!--
148             Lets DownloadsFragment's "Open" button hand a completed file to
149             an external app via a content:// URI instead of a raw file://
150             one, required on Android 7+ (FileUriExposedException) and the
151             only way to grant a specific other app temporary read access to
152             a file under our own external storage path.
153        -->
154        <provider
155            android:name="androidx.core.content.FileProvider"
155-->src/main/AndroidManifest.xml:122:13-62
156            android:authorities="com.invictus.xmd.fileprovider"
156-->src/main/AndroidManifest.xml:123:13-64
157            android:exported="false"
157-->src/main/AndroidManifest.xml:124:13-37
158            android:grantUriPermissions="true" >
158-->src/main/AndroidManifest.xml:125:13-47
159            <meta-data
159-->src/main/AndroidManifest.xml:126:13-128:54
160                android:name="android.support.FILE_PROVIDER_PATHS"
160-->src/main/AndroidManifest.xml:127:17-67
161                android:resource="@xml/file_paths" />
161-->src/main/AndroidManifest.xml:128:17-51
162        </provider>
163        <provider
163-->[androidx.emoji2:emoji2:1.3.0] AndroidManifest.xml:24:9-32:20
164            android:name="androidx.startup.InitializationProvider"
164-->[androidx.emoji2:emoji2:1.3.0] AndroidManifest.xml:25:13-67
165            android:authorities="com.invictus.xmd.androidx-startup"
165-->[androidx.emoji2:emoji2:1.3.0] AndroidManifest.xml:26:13-68
166            android:exported="false" >
166-->[androidx.emoji2:emoji2:1.3.0] AndroidManifest.xml:27:13-37
167            <meta-data
167-->[androidx.emoji2:emoji2:1.3.0] AndroidManifest.xml:29:13-31:52
168                android:name="androidx.emoji2.text.EmojiCompatInitializer"
168-->[androidx.emoji2:emoji2:1.3.0] AndroidManifest.xml:30:17-75
169                android:value="androidx.startup" />
169-->[androidx.emoji2:emoji2:1.3.0] AndroidManifest.xml:31:17-49
170            <meta-data
170-->[androidx.lifecycle:lifecycle-process:2.8.4] AndroidManifest.xml:29:13-31:52
171                android:name="androidx.lifecycle.ProcessLifecycleInitializer"
171-->[androidx.lifecycle:lifecycle-process:2.8.4] AndroidManifest.xml:30:17-78
172                android:value="androidx.startup" />
172-->[androidx.lifecycle:lifecycle-process:2.8.4] AndroidManifest.xml:31:17-49
173            <meta-data
173-->[androidx.profileinstaller:profileinstaller:1.3.1] AndroidManifest.xml:29:13-31:52
174                android:name="androidx.profileinstaller.ProfileInstallerInitializer"
174-->[androidx.profileinstaller:profileinstaller:1.3.1] AndroidManifest.xml:30:17-85
175                android:value="androidx.startup" />
175-->[androidx.profileinstaller:profileinstaller:1.3.1] AndroidManifest.xml:31:17-49
176        </provider>
177
178        <service
178-->[androidx.room:room-runtime:2.6.1] AndroidManifest.xml:24:9-28:63
179            android:name="androidx.room.MultiInstanceInvalidationService"
179-->[androidx.room:room-runtime:2.6.1] AndroidManifest.xml:25:13-74
180            android:directBootAware="true"
180-->[androidx.room:room-runtime:2.6.1] AndroidManifest.xml:26:13-43
181            android:exported="false" />
181-->[androidx.room:room-runtime:2.6.1] AndroidManifest.xml:27:13-37
182
183        <receiver
183-->[androidx.profileinstaller:profileinstaller:1.3.1] AndroidManifest.xml:34:9-52:20
184            android:name="androidx.profileinstaller.ProfileInstallReceiver"
184-->[androidx.profileinstaller:profileinstaller:1.3.1] AndroidManifest.xml:35:13-76
185            android:directBootAware="false"
185-->[androidx.profileinstaller:profileinstaller:1.3.1] AndroidManifest.xml:36:13-44
186            android:enabled="true"
186-->[androidx.profileinstaller:profileinstaller:1.3.1] AndroidManifest.xml:37:13-35
187            android:exported="true"
187-->[androidx.profileinstaller:profileinstaller:1.3.1] AndroidManifest.xml:38:13-36
188            android:permission="android.permission.DUMP" >
188-->[androidx.profileinstaller:profileinstaller:1.3.1] AndroidManifest.xml:39:13-57
189            <intent-filter>
189-->[androidx.profileinstaller:profileinstaller:1.3.1] AndroidManifest.xml:40:13-42:29
190                <action android:name="androidx.profileinstaller.action.INSTALL_PROFILE" />
190-->[androidx.profileinstaller:profileinstaller:1.3.1] AndroidManifest.xml:41:17-91
190-->[androidx.profileinstaller:profileinstaller:1.3.1] AndroidManifest.xml:41:25-88
191            </intent-filter>
192            <intent-filter>
192-->[androidx.profileinstaller:profileinstaller:1.3.1] AndroidManifest.xml:43:13-45:29
193                <action android:name="androidx.profileinstaller.action.SKIP_FILE" />
193-->[androidx.profileinstaller:profileinstaller:1.3.1] AndroidManifest.xml:44:17-85
193-->[androidx.profileinstaller:profileinstaller:1.3.1] AndroidManifest.xml:44:25-82
194            </intent-filter>
195            <intent-filter>
195-->[androidx.profileinstaller:profileinstaller:1.3.1] AndroidManifest.xml:46:13-48:29
196                <action android:name="androidx.profileinstaller.action.SAVE_PROFILE" />
196-->[androidx.profileinstaller:profileinstaller:1.3.1] AndroidManifest.xml:47:17-88
196-->[androidx.profileinstaller:profileinstaller:1.3.1] AndroidManifest.xml:47:25-85
197            </intent-filter>
198            <intent-filter>
198-->[androidx.profileinstaller:profileinstaller:1.3.1] AndroidManifest.xml:49:13-51:29
199                <action android:name="androidx.profileinstaller.action.BENCHMARK_OPERATION" />
199-->[androidx.profileinstaller:profileinstaller:1.3.1] AndroidManifest.xml:50:17-95
199-->[androidx.profileinstaller:profileinstaller:1.3.1] AndroidManifest.xml:50:25-92
200            </intent-filter>
201        </receiver>
202    </application>
203
204</manifest>